autoscan: warning: missing AC_CHECK_FUNCS([gettimeofday]) wanted by: 
	jpeglib.h:954
	resize.c:146
	resize.c:183
	resize.c:246
	resize.c:265
	thread_resize.c:797
	thread_resize.c:817
autoscan: warning: missing AC_CHECK_FUNCS([mkdir]) wanted by: 
	resize.c:219
	thread_resize.c:770
autoscan: warning: missing AC_CHECK_FUNCS([setlocale]) wanted by: 
	rdjpgcom.c:233
	rdjpgcom.c:271
autoscan: warning: missing AC_CHECK_FUNCS([strerror]) wanted by: 
	resize.c:249
	resize.c:256
	thread_resize.c:801
	thread_resize.c:808
autoscan: warning: missing AC_CHECK_HEADERS([fcntl.h]) wanted by: 
	cdjpeg.c:18
	rdjpgcom.c:23
	wrjpgcom.c:22
autoscan: warning: missing AC_CHECK_HEADERS([limits.h]) wanted by: 
	jchuff.c:26
autoscan: warning: missing AC_CHECK_HEADERS([malloc.h]) wanted by: 
	ansi2knr.c:178
	jmemdos.c:62
autoscan: warning: missing AC_FUNC_MALLOC wanted by: 
	ansi2knr.c:181
	ansi2knr.c:184
	ansi2knr.c:302
	ansi2knr.c:579
	jdatadst.c:24
	jdatadst.c:131
	jdatadst.c:259
	jmemansi.c:21
	jmemansi.c:38
	jmemansi.c:58
	jmemdos.c:48
	jmemdos.c:168
	jmemname.c:21
	jmemname.c:145
	jmemname.c:165
	jmemnobs.c:24
	jmemnobs.c:37
	jmemnobs.c:57
	jocl_env.c:18
	jocl_env.c:122
	jpegresize.c:161
	jpegresize.c:165
	jpegresize.c:180
	jpegresize.c:182
	main.c:43
	main.c:47
	main.c:62
	main.c:64
	ocl_transupp.c:1545
	ReadFile.c:25
	resize.c:62
	resize.c:63
	resize.c:64
	resize.c:73
	resize.c:111
	resize.c:117
	resize.c:118
	resize.c:226
	resize.c:241
	thread_resize.c:479
	thread_resize.c:480
	thread_resize.c:654
	thread_resize.c:655
	thread_resize.c:656
	thread_resize.c:664
	thread_resize.c:702
	thread_resize.c:777
	thread_resize.c:792
	wrjpgcom.c:18
	wrjpgcom.c:453
	wrjpgcom.c:541
autoscan: warning: missing AC_PROG_CXX wanted by: 
	ltmain.sh:2198
	ltmain.sh:2657
	ltmain.sh:2660
	ltmain.sh:2665
	ltmain.sh:2665
	ltmain.sh:2675
	ltmain.sh:2679
	ltmain.sh:2682
	ltmain.sh:2682
	ltmain.sh:3759
	ltmain.sh:8635
	ltmain.sh:8647
	ltmain.sh:8649
	ltmain.sh:8884
	bak/Makefile:5
autoscan: warning: missing AC_PROG_RANLIB wanted by: 
	ltmain.sh:3772
autoscan: warning: missing AC_TYPE_SIZE_T wanted by: 
	ckconfig.c:90
	jcapimin.c:30
	jccoefct.c:313
	jchuff.c:111
	jchuff.c:130
	jchuff.c:1880
	jchuff.c:1943
	jdapimin.c:31
	jdatadst.c:24
	jdatadst.c:52
	jdatadst.c:113
	jdatadst.c:125
	jdatadst.c:166
	jdatasrc.c:100
	jdatasrc.c:171
	jdatasrc.c:172
	jdatasrc.c:272
	jdcoefct.c:165
	jdcoefct.c:253
	jdcoefct.c:254
	jdhuff.c:88
	jdhuff.c:472
	jdmarker.c:123
	jdmerge.c:389
	jinclude.h:89
	jinclude.h:89
	jinclude.h:89
	jinclude.h:95
	jinclude.h:95
	jinclude.h:95
	jmemansi.c:21
	jmemansi.c:36
	jmemansi.c:42
	jmemansi.c:56
	jmemansi.c:62
	jmemansi.c:104
	jmemansi.c:117
	jmemdos.c:48
	jmemdos.c:166
	jmemdos.c:172
	jmemdos.c:183
	jmemdos.c:189
	jmemmac.c:82
	jmemmac.c:88
	jmemmac.c:102
	jmemmac.c:108
	jmemmgr.c:94
	jmemmgr.c:95
	jmemmgr.c:105
	jmemmgr.c:106
	jmemmgr.c:241
	jmemmgr.c:247
	jmemmgr.c:257
	jmemmgr.c:263
	jmemmgr.c:266
	jmemmgr.c:295
	jmemmgr.c:296
	jmemmgr.c:342
	jmemmgr.c:347
	jmemmgr.c:350
	jmemmgr.c:418
	jmemmgr.c:425
	jmemmgr.c:425
	jmemmgr.c:425
	jmemmgr.c:472
	jmemmgr.c:479
	jmemmgr.c:479
	jmemmgr.c:479
	jmemmgr.c:826
	jmemmgr.c:826
	jmemmgr.c:910
	jmemmgr.c:910
	jmemmgr.c:940
	jmemmgr.c:1038
	jmemmgr.c:1056
	jmemname.c:21
	jmemname.c:143
	jmemname.c:149
	jmemname.c:163
	jmemname.c:169
	jmemname.c:211
	jmemname.c:224
	jmemnobs.c:24
	jmemnobs.c:35
	jmemnobs.c:41
	jmemnobs.c:55
	jmemnobs.c:61
	jmemsys.h:47
	jmemsys.h:49
	jmemsys.h:61
	jmemsys.h:63
	jocl_env.c:8
	jpegint.h:384
	jpeglib.h:1086
	jpeglib.h:1098
	jpeglib.h:1128
	jpeglib.h:1130
	jpeglib.h:1270
	jpeglib.h:1273
	jpeglib.h:1275
	jpeglib.h:1277
	jquant1.c:534
	jquant1.c:639
	jquant1.c:725
	jquant1.c:728
	jquant1.c:744
	jquant1.c:782
	jquant2.c:1199
	jquant2.c:1199
	jquant2.c:1304
	jutils.c:174
	jutils.c:174
	jutils.c:217
	jutils.c:225
	ocl_transupp.c:1513
	ocl_transupp.c:1581
	ocl_transupp.c:1582
	rdppm.c:77
	rdppm.c:388
	rdppm.c:418
	ReadFile.c:5
	ReadFile.h:5
	wrbmp.c:219
	wrbmp.c:221
	wrbmp.c:276
	wrbmp.c:278
	wrgif.c:87
	wrjpgcom.c:453
	wrjpgcom.c:541
	wrppm.c:75
	wrrle.c:80
	wrtarga.c:88
	wrtarga.c:243
autoscan: warning: missing AC_TYPE_UINT32_T wanted by: 
	jchuff.c:1665
	jchuff.c:1678
	jchuff.c:1908
